


ARM Macro Assembler    Page 1 


    1 00000000         ; ------------------------------------------------------
                       ------------
    2 00000000         ; --  _____       ______  _____                         
                                  -
    3 00000000         ; -- |_   _|     |  ____|/ ____|                        
                                  -
    4 00000000         ; --   | |  _ __ | |__  | (___    Institute of Embedded 
                       Systems    -
    5 00000000         ; --   | | | '_ \|  __|  \___ \   Zurich University of  
                                  -
    6 00000000         ; --  _| |_| | | | |____ ____) |  Applied Sciences      
                                  -
    7 00000000         ; -- |_____|_| |_|______|_____/   8401 Winterthur, Switz
                       erland     -
    8 00000000         ; ------------------------------------------------------
                       ------------
    9 00000000         ; --
   10 00000000         ; -- main.s
   11 00000000         ; --
   12 00000000         ; -- CT1 P03 Transferbefehle
   13 00000000         ; --
   14 00000000         ; -- $Id: transbf.s 552 2014-09-01 15:06:12Z muln $
   15 00000000         ; ------------------------------------------------------
                       ------------
   16 00000000         ;Directives
   17 00000000                 PRESERVE8
   18 00000000                 THUMB
   19 00000000         
   20 00000000         ; ------------------------------------------------------
                       ------------
   21 00000000         ; -- Symbolic Literals
   22 00000000         ; ------------------------------------------------------
                       ------------
   23 00000000 00000012 
                       MY_CONST
                               EQU              0x12
   24 00000000 60000200 
                       ADDR_DIP_SWITCH_31_0
                               EQU              0x60000200
   25 00000000 60000100 
                       ADDR_LED_31_0
                               EQU              0x60000100
   26 00000000         
   27 00000000         ; ------------------------------------------------------
                       ------------
   28 00000000         ; -- Variables
   29 00000000         ; ------------------------------------------------------
                       ------------
   30 00000000                 AREA             MyAsmVar, DATA, READWRITE
   31 00000000         
   32 00000000 00 00 00 
              00 00 00 
              00 00 00 
              00 00 00 
              00 00 00 
              00       store_table
                               SPACE            16          ; reserve 16 byte (
                                                            4 words) 
   33 00000010                 ALIGN



ARM Macro Assembler    Page 2 


   34 00000010         
   35 00000010         ; ------------------------------------------------------
                       ------------
   36 00000010         ; -- Constants
   37 00000010         ; ------------------------------------------------------
                       ------------
   38 00000010                 AREA             MyAsmConst, DATA, READONLY
   39 00000000         
   40 00000000 60000200 
                       addr_dip_switch
                               DCD              0x60000200
   41 00000004 01234567 
              12345678 
              99996666 
              34567890 const_table
                               DCD              0x01234567, 0x12345678, 0x99996
666, 0x34567890
   42 00000014                 ALIGN
   43 00000014         
   44 00000014         ; ------------------------------------------------------
                       ------------
   45 00000014         ; -- MyCode
   46 00000014         ; ------------------------------------------------------
                       ------------
   47 00000014                 AREA             MyCode, CODE, READONLY
   48 00000000         
   49 00000000         main    PROC
   50 00000000                 EXPORT           main
   51 00000000         
   52 00000000 4805            LDR              R0,=0x00121000
   53 00000002 4906            LDR              R1,=0x12341111
   54 00000004 B403            PUSH             {R0,R1}
   55 00000006 180B            ADDS             R3,R1,R0    ;0x12462111
   56 00000008 AA00            ADD              R2,SP,#0
   57 0000000A B40C            PUSH             {R2,R3}
   58 0000000C B001            ADD              SP,SP,#4
   59 0000000E BC10            POP              {R4}
   60 00000010 4695            MOV              SP, R2
   61 00000012 BC20            POP              {R5}
   62 00000014         
   63 00000014 E7FE            B                main
   64 00000016         
   65 00000016 00 00           ALIGN
   66 00000018         
   67 00000018         ; ------------------------------------------------------
                       ------------
   68 00000018         ; End of code
   69 00000018         ; ------------------------------------------------------
                       ------------
   70 00000018                 ENDP
   71 00000018                 END
              00121000 
              12341111 
Command Line: --debug --xref --diag_suppress=9931 --cpu=Cortex-M0 --apcs=interw
ork --depend=.\build\transbf.d -o.\build\transbf.o -I.\RTE\_Target_1 -I"C:\User
s\Luca Archidiacono\AppData\Local\Arm\Packs\InES\CTBoard14_DFP\4.0.2\Device\Inc
lude" -I"C:\Users\Luca Archidiacono\AppData\Local\Arm\Packs\InES\CTBoard14_DFP\
4.0.2\Device\Include\m0" -I"C:\Users\Luca Archidiacono\AppData\Local\Arm\Packs\
InES\CTBoard14_DFP\4.0.2\HAL\Include" --predefine="__EVAL SETA 1" --predefine="



ARM Macro Assembler    Page 3 


__UVISION_VERSION SETA 536" --predefine="_RTE_ SETA 1" --predefine="_RTE_ SETA 
1" --list=.\build\transbf.lst app\transbf.s



ARM Macro Assembler    Page 1 Alphabetic symbol ordering
Relocatable symbols

MyAsmVar 00000000

Symbol: MyAsmVar
   Definitions
      At line 30 in file app\transbf.s
   Uses
      None
Comment: MyAsmVar unused
store_table 00000000

Symbol: store_table
   Definitions
      At line 32 in file app\transbf.s
   Uses
      None
Comment: store_table unused
2 symbols



ARM Macro Assembler    Page 1 Alphabetic symbol ordering
Relocatable symbols

MyAsmConst 00000000

Symbol: MyAsmConst
   Definitions
      At line 38 in file app\transbf.s
   Uses
      None
Comment: MyAsmConst unused
addr_dip_switch 00000000

Symbol: addr_dip_switch
   Definitions
      At line 40 in file app\transbf.s
   Uses
      None
Comment: addr_dip_switch unused
const_table 00000004

Symbol: const_table
   Definitions
      At line 41 in file app\transbf.s
   Uses
      None
Comment: const_table unused
3 symbols



ARM Macro Assembler    Page 1 Alphabetic symbol ordering
Relocatable symbols

MyCode 00000000

Symbol: MyCode
   Definitions
      At line 47 in file app\transbf.s
   Uses
      None
Comment: MyCode unused
main 00000000

Symbol: main
   Definitions
      At line 49 in file app\transbf.s
   Uses
      At line 50 in file app\transbf.s
      At line 63 in file app\transbf.s

2 symbols



ARM Macro Assembler    Page 1 Alphabetic symbol ordering
Absolute symbols

ADDR_DIP_SWITCH_31_0 60000200

Symbol: ADDR_DIP_SWITCH_31_0
   Definitions
      At line 24 in file app\transbf.s
   Uses
      None
Comment: ADDR_DIP_SWITCH_31_0 unused
ADDR_LED_31_0 60000100

Symbol: ADDR_LED_31_0
   Definitions
      At line 25 in file app\transbf.s
   Uses
      None
Comment: ADDR_LED_31_0 unused
MY_CONST 00000012

Symbol: MY_CONST
   Definitions
      At line 23 in file app\transbf.s
   Uses
      None
Comment: MY_CONST unused
3 symbols
345 symbols in table
