


ARM Macro Assembler    Page 1 


    1 00000000         ;* -----------------------------------------------------
                       -------------
    2 00000000         ;* --  _____       ______  _____                        
                                   -
    3 00000000         ;* -- |_   _|     |  ____|/ ____|                       
                                   -
    4 00000000         ;* --   | |  _ __ | |__  | (___    Institute of Embedded
                        Systems    -
    5 00000000         ;* --   | | | '_ \|  __|  \___ \   Zurich University of 
                                   -
    6 00000000         ;* --  _| |_| | | | |____ ____) |  Applied Sciences     
                                   -
    7 00000000         ;* -- |_____|_| |_|______|_____/   8401 Winterthur, Swit
                       zerland     -
    8 00000000         ;* -----------------------------------------------------
                       -------------
    9 00000000         ;* --
   10 00000000         ;* -- Project     : CT1 - Lab 10
   11 00000000         ;* -- Description : Search Max
   12 00000000         ;* -- 
   13 00000000         ;* -- $Id: search_max.s 879 2014-10-24 09:00:00Z muln $
   14 00000000         ;* -----------------------------------------------------
                       -------------
   15 00000000         
   16 00000000         
   17 00000000         ; ------------------------------------------------------
                       -------------
   18 00000000         ; -- Constants
   19 00000000         ; ------------------------------------------------------
                       -------------
   20 00000000                 AREA             myCode, CODE, READONLY
   21 00000000                 THUMB
   22 00000000         
   23 00000000         ; STUDENTS: To be programmed
   24 00000000         
   25 00000000 00000004 
                       TABLE_SIZE_IN_BYTE
                               EQU              4
   26 00000000         
   27 00000000         ; END: To be programmed
   28 00000000         ; ------------------------------------------------------
                       -------------                    
   29 00000000         ; Searchmax
   30 00000000         ; - tableaddress in R0
   31 00000000         ; - table length in R1
   32 00000000         ; - result returned in R0
   33 00000000         ; ------------------------------------------------------
                       -------------   
   34 00000000         search_max
                               PROC
   35 00000000                 EXPORT           search_max
   36 00000000         
   37 00000000         ; STUDENTS: To be programmed
   38 00000000 B53C            PUSH             { R2, R3, R4, R5, LR }
   39 00000002         
   40 00000002         ; Counter fuer die Tabellenlaenge
   41 00000002 4A07            LDR              R2, =0
   42 00000004         ; Wert falls Tabellenlaenge = 0 ist
   43 00000004 4B07            LDR              R3, =0x80000000



ARM Macro Assembler    Page 2 


   44 00000006         
   45 00000006 E006            B                loop_cond
   46 00000008         
   47 00000008         loop_start
   48 00000008         ; Lade den Eintrag aus der Tabelle
   49 00000008 4C07            LDR              R4, =TABLE_SIZE_IN_BYTE
   50 0000000A 4354            MULS             R4, R2, R4
   51 0000000C 5904            LDR              R4, [R0, R4]
   52 0000000E         
   53 0000000E 429C            CMP              R4, R3
   54 00000010 DB00            BLT              increase_counter ; If R4 < R3 t
                                                            hen branch to incre
                                                            ase_counter
   55 00000012 0023            MOVS             R3, R4      ; If R4 >= R3 then 
                                                            save this value in 
                                                            R3
   56 00000014         
   57 00000014         increase_counter
   58 00000014 3201            ADDS             R2, #1
   59 00000016         
   60 00000016         loop_cond
   61 00000016 428A            CMP              R2, R1
   62 00000018 D1F6            BNE              loop_start
   63 0000001A         
   64 0000001A 0018            MOVS             R0, R3
   65 0000001C BD3C            POP              { R2, R3, R4, R5, PC }
   66 0000001E         ; END: To be programmed
   67 0000001E 00 00           ALIGN
   68 00000020                 ENDP
   69 00000020         ; ------------------------------------------------------
                       -------------
   70 00000020         ; -- End of file
   71 00000020         ; ------------------------------------------------------
                       -------------                      
   72 00000020                 END
              00000000 
              80000000 
              00000004 
Command Line: --debug --xref --diag_suppress=9931 --cpu=Cortex-M0 --apcs=interw
ork --depend=.\build\search_max.d -o.\build\search_max.o -I.\RTE\_Target_1 -I"C
:\Users\Luca Archidiacono\AppData\Local\Arm\Packs\InES\CTBoard14_DFP\4.0.2\Devi
ce\Include" -I"C:\Users\Luca Archidiacono\AppData\Local\Arm\Packs\InES\CTBoard1
4_DFP\4.0.2\Device\Include\m0" -I"C:\Users\Luca Archidiacono\AppData\Local\Arm\
Packs\InES\CTBoard14_DFP\4.0.2\HAL\Include" --predefine="__EVAL SETA 1" --prede
fine="__UVISION_VERSION SETA 536" --predefine="_RTE_ SETA 1" --predefine="_RTE_
 SETA 1" --list=.\build\search_max.lst app\search_max.s



ARM Macro Assembler    Page 1 Alphabetic symbol ordering
Relocatable symbols

increase_counter 00000014

Symbol: increase_counter
   Definitions
      At line 57 in file app\search_max.s
   Uses
      At line 54 in file app\search_max.s
Comment: increase_counter used once
loop_cond 00000016

Symbol: loop_cond
   Definitions
      At line 60 in file app\search_max.s
   Uses
      At line 45 in file app\search_max.s
Comment: loop_cond used once
loop_start 00000008

Symbol: loop_start
   Definitions
      At line 47 in file app\search_max.s
   Uses
      At line 62 in file app\search_max.s
Comment: loop_start used once
myCode 00000000

Symbol: myCode
   Definitions
      At line 20 in file app\search_max.s
   Uses
      None
Comment: myCode unused
search_max 00000000

Symbol: search_max
   Definitions
      At line 34 in file app\search_max.s
   Uses
      At line 35 in file app\search_max.s
Comment: search_max used once
5 symbols



ARM Macro Assembler    Page 1 Alphabetic symbol ordering
Absolute symbols

TABLE_SIZE_IN_BYTE 00000004

Symbol: TABLE_SIZE_IN_BYTE
   Definitions
      At line 25 in file app\search_max.s
   Uses
      At line 49 in file app\search_max.s
Comment: TABLE_SIZE_IN_BYTE used once
1 symbol
341 symbols in table
