


ARM Macro Assembler    Page 1 


    1 00000000         ; ------------------------------------------------------
                       ------------
    2 00000000         ; --  _____       ______  _____                         
                                  -
    3 00000000         ; -- |_   _|     |  ____|/ ____|                        
                                  -
    4 00000000         ; --   | |  _ __ | |__  | (___    Institute of Embedded 
                       Systems    -
    5 00000000         ; --   | | | '_ \|  __|  \___ \   Zurich University of  
                                  -
    6 00000000         ; --  _| |_| | | | |____ ____) |  Applied Sciences      
                                  -
    7 00000000         ; -- |_____|_| |_|______|_____/   8401 Winterthur, Switz
                       erland     -
    8 00000000         ; ------------------------------------------------------
                       ------------
    9 00000000         ; --
   10 00000000         ; -- table.s
   11 00000000         ; --
   12 00000000         ; -- CT1 P04 Ein- und Ausgabe von Tabellenwerten
   13 00000000         ; --
   14 00000000         ; -- $Id: table.s 800 2014-10-06 13:19:25Z ruan $
   15 00000000         ; ------------------------------------------------------
                       ------------
   16 00000000         ;Directives
   17 00000000                 PRESERVE8
   18 00000000                 THUMB
   19 00000000         ; ------------------------------------------------------
                       ------------
   20 00000000         ; -- Symbolic Literals
   21 00000000         ; ------------------------------------------------------
                       ------------
   22 00000000 60000200 
                       ADDR_DIP_SWITCH_7_0
                               EQU              0x60000200
   23 00000000 60000201 
                       ADDR_DIP_SWITCH_15_8
                               EQU              0x60000201
   24 00000000 60000203 
                       ADDR_DIP_SWITCH_31_24
                               EQU              0x60000203
   25 00000000 60000100 
                       ADDR_LED_7_0
                               EQU              0x60000100
   26 00000000 60000101 
                       ADDR_LED_15_8
                               EQU              0x60000101
   27 00000000 60000102 
                       ADDR_LED_23_16
                               EQU              0x60000102
   28 00000000 60000103 
                       ADDR_LED_31_24
                               EQU              0x60000103
   29 00000000 60000210 
                       ADDR_BUTTONS
                               EQU              0x60000210
   30 00000000         
   31 00000000 00000001 
                       BITMASK_KEY_T0



ARM Macro Assembler    Page 2 


                               EQU              0x01
   32 00000000 0000000F 
                       BITMASK_LOWER_NIBBLE
                               EQU              0x0F
   33 00000000         
   34 00000000         ; ------------------------------------------------------
                       ------------
   35 00000000         ; -- Variables
   36 00000000         ; ------------------------------------------------------
                       ------------
   37 00000000                 AREA             MyAsmVar, DATA, READWRITE
   38 00000000         ; STUDENTS: To be programmed
   39 00000000         
   40 00000000 00 00 00 
              00 00 00 
              00 00 00 
              00 00 00 
              00 00 00 
              00       store_table
                               SPACE            16
   41 00000010         
   42 00000010         
   43 00000010         ; END: To be programmed
   44 00000010                 ALIGN
   45 00000010         
   46 00000010         ; ------------------------------------------------------
                       ------------
   47 00000010         ; -- myCode
   48 00000010         ; ------------------------------------------------------
                       ------------
   49 00000010                 AREA             myCode, CODE, READONLY
   50 00000000         
   51 00000000         main    PROC
   52 00000000                 EXPORT           main
   53 00000000         
   54 00000000         readInput
   55 00000000 F000 F818       BL               waitForKey  ; wait for key to b
                                                            e pressed and relea
                                                            sed
   56 00000004         ; STUDENTS: To be programmed
   57 00000004         
   58 00000004         ;loads address of ADDR_DIP_SWITCH_7_0 into register R1
   59 00000004 4911            LDR              R1, =ADDR_DIP_SWITCH_7_0
   60 00000006         ;unsigned Byte (Zero extend to 32 bits on loads.)
   61 00000006 7808            LDRB             R0, [R1]
   62 00000008         ;loads address of ADDR_DIP_SWITCH_15_8 into register R5
   63 00000008 4D11            LDR              R5, =ADDR_DIP_SWITCH_15_8
   64 0000000A         ;unsigned Byte (Zero extend to 32 bits on loads.)
   65 0000000A 782E            LDRB             R6, [R5]
   66 0000000C         
   67 0000000C         ;AND operiere die gestorten values von den ADDR_DIP_SWIT
                       CH_15_8 welche sich im Register R6 befinden
   68 0000000C 4A11            LDR              R2, =BITMASK_LOWER_NIBBLE
   69 0000000E 4016            ANDS             R6, R6, R2
   70 00000010         
   71 00000010         ;loads address of ADDR_LED_7_0 into register R3
   72 00000010 4B11            LDR              R3, =ADDR_LED_7_0
   73 00000012         ;stores the unsigned byte from R3 into R0
   74 00000012 7018            STRB             R0, [R3]



ARM Macro Assembler    Page 3 


   75 00000014         ;loads address of ADDR_LED_15_8 into register R3
   76 00000014 4F11            LDR              R7, =ADDR_LED_15_8
   77 00000016         ;stores the unsigned byte from R7 into R6
   78 00000016 703E            STRB             R6, [R7]
   79 00000018         
   80 00000018         
   81 00000018 4C11            LDR              R4, =store_table
   82 0000001A 55A0            STRB             R0, [R4, R6]
   83 0000001C         
   84 0000001C         
   85 0000001C         
   86 0000001C 4911            LDR              R1, =ADDR_DIP_SWITCH_31_24
   87 0000001E 7808            LDRB             R0, [R1]
   88 00000020         
   89 00000020 4A0C            LDR              R2, =BITMASK_LOWER_NIBBLE
   90 00000022 4010            ANDS             R0, R0, R2
   91 00000024         
   92 00000024 4B10            LDR              R3, =ADDR_LED_31_24
   93 00000026 7018            STRB             R0, [R3]
   94 00000028         
   95 00000028 4C0D            LDR              R4, =store_table
   96 0000002A 5426            STRB             R6, [R4, R0]
   97 0000002C         
   98 0000002C 4D0F            LDR              R5, =ADDR_LED_23_16
   99 0000002E 702E            STRB             R6, [R5]
  100 00000030         
  101 00000030         ; END: To be programmed
  102 00000030 E7E6            B                readInput
  103 00000032 00 00           ALIGN
  104 00000034         
  105 00000034         ; ------------------------------------------------------
                       ------------
  106 00000034         ; Subroutines
  107 00000034         ; ------------------------------------------------------
                       ------------
  108 00000034         
  109 00000034         ; wait for key to be pressed and released
  110 00000034         waitForKey
  111 00000034 B407            PUSH             {R0, R1, R2}
  112 00000036 490E            LDR              R1, =ADDR_BUTTONS ; laod base a
                                                            ddress of keys
  113 00000038 4A0E            LDR              R2, =BITMASK_KEY_T0 
                                                            ; load key mask T0
  114 0000003A         
  115 0000003A         waitForPress
  116 0000003A 7808            LDRB             R0, [R1]    ; load key values
  117 0000003C 4210            TST              R0, R2      ; check, if key T0 
                                                            is pressed
  118 0000003E D0FC            BEQ              waitForPress
  119 00000040         
  120 00000040         waitForRelease
  121 00000040 7808            LDRB             R0, [R1]    ; load key values
  122 00000042 4210            TST              R0, R2      ; check, if key T0 
                                                            is released
  123 00000044 D1FC            BNE              waitForRelease
  124 00000046         
  125 00000046 BC07            POP              {R0, R1, R2}
  126 00000048 4770            BX               LR
  127 0000004A 00 00           ALIGN



ARM Macro Assembler    Page 4 


  128 0000004C         
  129 0000004C         ; ------------------------------------------------------
                       ------------
  130 0000004C         ; End of code
  131 0000004C         ; ------------------------------------------------------
                       ------------
  132 0000004C                 ENDP
  133 0000004C                 END
              60000200 
              60000201 
              0000000F 
              60000100 
              60000101 
              00000000 
              60000203 
              60000103 
              60000102 
              60000210 
              00000001 
Command Line: --debug --xref --diag_suppress=9931 --cpu=Cortex-M0 --apcs=interw
ork --depend=.\build\table.d -o.\build\table.o -I.\RTE\_Target_1 -I"C:\Users\Lu
ca Archidiacono\AppData\Local\Arm\Packs\InES\CTBoard14_DFP\4.0.2\Device\Include
" -I"C:\Users\Luca Archidiacono\AppData\Local\Arm\Packs\InES\CTBoard14_DFP\4.0.
2\Device\Include\m0" -I"C:\Users\Luca Archidiacono\AppData\Local\Arm\Packs\InES
\CTBoard14_DFP\4.0.2\HAL\Include" --predefine="__EVAL SETA 1" --predefine="__UV
ISION_VERSION SETA 536" --predefine="_RTE_ SETA 1" --predefine="_RTE_ SETA 1" -
-list=.\build\table.lst app\table.s



ARM Macro Assembler    Page 1 Alphabetic symbol ordering
Relocatable symbols

MyAsmVar 00000000

Symbol: MyAsmVar
   Definitions
      At line 37 in file app\table.s
   Uses
      None
Comment: MyAsmVar unused
store_table 00000000

Symbol: store_table
   Definitions
      At line 40 in file app\table.s
   Uses
      At line 81 in file app\table.s
      At line 95 in file app\table.s

2 symbols



ARM Macro Assembler    Page 1 Alphabetic symbol ordering
Relocatable symbols

main 00000000

Symbol: main
   Definitions
      At line 51 in file app\table.s
   Uses
      At line 52 in file app\table.s
Comment: main used once
myCode 00000000

Symbol: myCode
   Definitions
      At line 49 in file app\table.s
   Uses
      None
Comment: myCode unused
readInput 00000000

Symbol: readInput
   Definitions
      At line 54 in file app\table.s
   Uses
      At line 102 in file app\table.s
Comment: readInput used once
waitForKey 00000034

Symbol: waitForKey
   Definitions
      At line 110 in file app\table.s
   Uses
      At line 55 in file app\table.s
Comment: waitForKey used once
waitForPress 0000003A

Symbol: waitForPress
   Definitions
      At line 115 in file app\table.s
   Uses
      At line 118 in file app\table.s
Comment: waitForPress used once
waitForRelease 00000040

Symbol: waitForRelease
   Definitions
      At line 120 in file app\table.s
   Uses
      At line 123 in file app\table.s
Comment: waitForRelease used once
6 symbols



ARM Macro Assembler    Page 1 Alphabetic symbol ordering
Absolute symbols

ADDR_BUTTONS 60000210

Symbol: ADDR_BUTTONS
   Definitions
      At line 29 in file app\table.s
   Uses
      At line 112 in file app\table.s
Comment: ADDR_BUTTONS used once
ADDR_DIP_SWITCH_15_8 60000201

Symbol: ADDR_DIP_SWITCH_15_8
   Definitions
      At line 23 in file app\table.s
   Uses
      At line 63 in file app\table.s
Comment: ADDR_DIP_SWITCH_15_8 used once
ADDR_DIP_SWITCH_31_24 60000203

Symbol: ADDR_DIP_SWITCH_31_24
   Definitions
      At line 24 in file app\table.s
   Uses
      At line 86 in file app\table.s
Comment: ADDR_DIP_SWITCH_31_24 used once
ADDR_DIP_SWITCH_7_0 60000200

Symbol: ADDR_DIP_SWITCH_7_0
   Definitions
      At line 22 in file app\table.s
   Uses
      At line 59 in file app\table.s
Comment: ADDR_DIP_SWITCH_7_0 used once
ADDR_LED_15_8 60000101

Symbol: ADDR_LED_15_8
   Definitions
      At line 26 in file app\table.s
   Uses
      At line 76 in file app\table.s
Comment: ADDR_LED_15_8 used once
ADDR_LED_23_16 60000102

Symbol: ADDR_LED_23_16
   Definitions
      At line 27 in file app\table.s
   Uses
      At line 98 in file app\table.s
Comment: ADDR_LED_23_16 used once
ADDR_LED_31_24 60000103

Symbol: ADDR_LED_31_24
   Definitions
      At line 28 in file app\table.s
   Uses
      At line 92 in file app\table.s
Comment: ADDR_LED_31_24 used once
ADDR_LED_7_0 60000100

Symbol: ADDR_LED_7_0



ARM Macro Assembler    Page 2 Alphabetic symbol ordering
Absolute symbols

   Definitions
      At line 25 in file app\table.s
   Uses
      At line 72 in file app\table.s
Comment: ADDR_LED_7_0 used once
BITMASK_KEY_T0 00000001

Symbol: BITMASK_KEY_T0
   Definitions
      At line 31 in file app\table.s
   Uses
      At line 113 in file app\table.s
Comment: BITMASK_KEY_T0 used once
BITMASK_LOWER_NIBBLE 0000000F

Symbol: BITMASK_LOWER_NIBBLE
   Definitions
      At line 32 in file app\table.s
   Uses
      At line 68 in file app\table.s
      At line 89 in file app\table.s

10 symbols
353 symbols in table
