


ARM Macro Assembler    Page 1 


    1 00000000         ;* -----------------------------------------------------
                       -----------------------
    2 00000000         ;* --  _____       ______  _____                        
                                             -
    3 00000000         ;* -- |_   _|     |  ____|/ ____|                       
                                             -
    4 00000000         ;* --   | |  _ __ | |__  | (___    Institute of Embedded
                        Systems              -
    5 00000000         ;* --   | | | '_ \|  __|  \___ \   Zurich University of 
                                             -
    6 00000000         ;* --  _| |_| | | | |____ ____) |  Applied Sciences     
                                             -
    7 00000000         ;* -- |_____|_| |_|______|_____/   8401 Winterthur, Swit
                       zerland               -
    8 00000000         ;* -----------------------------------------------------
                       -----------------------
    9 00000000         ;* --
   10 00000000         ;* -- Project     : CT1 - Lab 12
   11 00000000         ;* -- Description : Common procedures
   12 00000000         ;* -- 
   13 00000000         ;* -- $Id: utils.s 1244 2015-02-03 10:12:17Z ruan $
   14 00000000         ;* -----------------------------------------------------
                       -----------------------
   15 00000000         
   16 00000000         
   17 00000000         ; ------------------------------------------------------
                       -----------------------
   18 00000000         ; -- Constants
   19 00000000         ; ------------------------------------------------------
                       -----------------------
   20 00000000         
   21 00000000                 AREA             myCode, CODE, READONLY
   22 00000000         
   23 00000000                 THUMB
   24 00000000         
   25 00000000         
   26 00000000         ; ------------------------------------------------------
                       -----------------------
   27 00000000         ; Set bit of a register (SFR, word -> 32 bit)
   28 00000000         ; - Address of register in R6
   29 00000000         ; - Bits to be set in R7
   30 00000000         ; ------------------------------------------------------
                       -----------------------
   31 00000000         set_sfr PROC
   32 00000000                 EXPORT           set_sfr
   33 00000000         
   34 00000000 B501            PUSH             {R0, LR}
   35 00000002         
   36 00000002 6830            LDR              R0, [R6]    ; Load register val
                                                            ue to R0
   37 00000004 4338            ORRS             R0, R0, R7  ; Set bits
   38 00000006 6030            STR              R0, [R6]    ; Store new registe
                                                            r value
   39 00000008         
   40 00000008 BD01            POP              {R0, PC}    ; Restore registers
                                                             and return
   41 0000000A         
   42 0000000A                 ENDP
   43 0000000A         



ARM Macro Assembler    Page 2 


   44 0000000A         
   45 0000000A         ; ------------------------------------------------------
                       -----------------------
   46 0000000A         ; Clear all bits of a register (SFR, word -> 32 bit)
   47 0000000A         ; - Address of register in R6
   48 0000000A         ; - Bits to be cleared in R7
   49 0000000A         ; ------------------------------------------------------
                       -----------------------
   50 0000000A         clear_sfr
                               PROC
   51 0000000A                 EXPORT           clear_sfr
   52 0000000A         
   53 0000000A B503            PUSH             {R0-R1, LR}
   54 0000000C         
   55 0000000C 6830            LDR              R0, [R6]    ; Load register val
                                                            ue to R0
   56 0000000E 43B8            BICS             R0, R0, R7  ; Clear bits
   57 00000010 6030            STR              R0, [R6]    ; Store new registe
                                                            r value
   58 00000012         
   59 00000012 BD03            POP              {R0-R1, PC} ; Restore registers
                                                             and return
   60 00000014         
   61 00000014                 ENDP
   62 00000014         
   63 00000014         
   64 00000014         ; ------------------------------------------------------
                       -----------------------
   65 00000014         ; -- End of file
   66 00000014         ; ------------------------------------------------------
                       -----------------------
   67 00000014                 END
Command Line: --debug --xref --diag_suppress=9931 --cpu=Cortex-M0 --apcs=interw
ork --depend=.\build\utils.d -o.\build\utils.o -I.\RTE\_Target_1 -I"C:\Users\Lu
ca Archidiacono\AppData\Local\Arm\Packs\InES\CTBoard14_DFP\4.0.2\Device\Include
" -I"C:\Users\Luca Archidiacono\AppData\Local\Arm\Packs\InES\CTBoard14_DFP\4.0.
2\Device\Include\m0" -I"C:\Users\Luca Archidiacono\AppData\Local\Arm\Packs\InES
\CTBoard14_DFP\4.0.2\HAL\Include" --predefine="__EVAL SETA 1" --predefine="__UV
ISION_VERSION SETA 536" --predefine="_RTE_ SETA 1" --predefine="_RTE_ SETA 1" -
-list=.\build\utils.lst app\utils.s



ARM Macro Assembler    Page 1 Alphabetic symbol ordering
Relocatable symbols

clear_sfr 0000000A

Symbol: clear_sfr
   Definitions
      At line 50 in file app\utils.s
   Uses
      At line 51 in file app\utils.s
Comment: clear_sfr used once
myCode 00000000

Symbol: myCode
   Definitions
      At line 21 in file app\utils.s
   Uses
      None
Comment: myCode unused
set_sfr 00000000

Symbol: set_sfr
   Definitions
      At line 31 in file app\utils.s
   Uses
      At line 32 in file app\utils.s
Comment: set_sfr used once
3 symbols
336 symbols in table
